<?xml version="1.0" encoding="UTF-8"?>
<testsuite name="com.ohi.book.springboot.web.IndexControllerTest" tests="1" skipped="0" failures="0" errors="0" timestamp="2022-06-09T13:38:41" hostname="DESKTOP-E63LN0V" time="0.08">
  <properties/>
  <testcase name="메인페이지_로딩" classname="com.ohi.book.springboot.web.IndexControllerTest" time="0.08"/>
  <system-out><![CDATA[2022-06-09 22:38:41.717  INFO 4508 --- [o-auto-1-exec-1] o.a.c.c.C.[Tomcat].[localhost].[/]       : Initializing Spring DispatcherServlet 'dispatcherServlet'
2022-06-09 22:38:41.717  INFO 4508 --- [o-auto-1-exec-1] o.s.web.servlet.DispatcherServlet        : Initializing Servlet 'dispatcherServlet'
2022-06-09 22:38:41.719  INFO 4508 --- [o-auto-1-exec-1] o.s.web.servlet.DispatcherServlet        : Completed initialization in 2 ms
Hibernate: select posts0_.id as id1_0_, posts0_.created_date as created_2_0_, posts0_.modified_date as modified3_0_, posts0_.author as author4_0_, posts0_.content as content5_0_, posts0_.title as title6_0_ from posts posts0_ order by posts0_.id DESC
]]></system-out>
  <system-err><![CDATA[]]></system-err>
</testsuite>
